<?xml version="1.0" encoding="UTF-8"?>
<!-- Generated by org.testng.reporters.JUnitReportReporter -->
<testsuite skipped="0" hostname="Bala-Pavan" name="main_running_script_streams_ucc.StreamsUCC_Main_Script" tests="1" failures="0" timestamp="26 Mar 2019 22:54:54 GMT" time="48.886" errors="0">
  <testcase name="login_streams" time="48.886" classname="main_running_script_streams_ucc.StreamsUCC_Main_Script"/>
</testsuite> <!-- main_running_script_streams_ucc.StreamsUCC_Main_Script -->
