<?xml version="1.0" encoding="UTF-8"?>
<!-- Generated by org.testng.reporters.JUnitReportReporter -->
<testsuite skipped="6" hostname="Bala-Pavan" name="main_running_script_streams_ucc.StreamsUCC_Main_Script" tests="7" failures="0" timestamp="31 Dec 2019 06:36:59 GMT" time="0.057" errors="1">
  <testcase name="beforeSuite" time="0.053" classname="main_running_script_streams_ucc.StreamsUCC_Main_Script">
    <error type="java.lang.NoSuchMethodError" message="org.openqa.selenium.chrome.ChromeOptions.addArguments([Ljava/lang/String;)Lorg/openqa/selenium/chrome/ChromeOptions;">
      <![CDATA[java.lang.NoSuchMethodError: org.openqa.selenium.chrome.ChromeOptions.addArguments([Ljava/lang/String;)Lorg/openqa/selenium/chrome/ChromeOptions;
	at main_running_script_streams_ucc.StreamsUCC_Main_Script.beforeSuite(StreamsUCC_Main_Script.java:306)
	at sun.reflect.NativeMethodAccessorImpl.invoke0(Native Method)
	at sun.reflect.NativeMethodAccessorImpl.invoke(Unknown Source)
	at sun.reflect.DelegatingMethodAccessorImpl.invoke(Unknown Source)
	at java.lang.reflect.Method.invoke(Unknown Source)
	at org.testng.internal.MethodInvocationHelper.invokeMethod(MethodInvocationHelper.java:108)
	at org.testng.internal.Invoker.invokeConfigurationMethod(Invoker.java:523)
	at org.testng.internal.Invoker.invokeConfigurations(Invoker.java:224)
	at org.testng.internal.Invoker.invokeConfigurations(Invoker.java:146)
	at org.testng.SuiteRunner.privateRun(SuiteRunner.java:326)
	at org.testng.SuiteRunner.run(SuiteRunner.java:289)
	at org.testng.SuiteRunnerWorker.runSuite(SuiteRunnerWorker.java:52)
	at org.testng.SuiteRunnerWorker.run(SuiteRunnerWorker.java:86)
	at org.testng.TestNG.runSuitesSequentially(TestNG.java:1301)
	at org.testng.TestNG.runSuitesLocally(TestNG.java:1226)
	at org.testng.TestNG.runSuites(TestNG.java:1144)
	at org.testng.TestNG.run(TestNG.java:1115)
	at org.testng.remote.AbstractRemoteTestNG.run(AbstractRemoteTestNG.java:132)
	at org.testng.remote.RemoteTestNG.initAndRun(RemoteTestNG.java:230)
	at org.testng.remote.RemoteTestNG.main(RemoteTestNG.java:76)
]]>
    </error>
  </testcase> <!-- beforeSuite -->
  <testcase name="ULmLogin" time="0.000" classname="main_running_script_streams_ucc.StreamsUCC_Main_Script">
    <skipped/>
  </testcase> <!-- ULmLogin -->
  <testcase name="ULM_Queues" time="0.004" classname="main_running_script_streams_ucc.StreamsUCC_Main_Script">
    <skipped/>
  </testcase> <!-- ULM_Queues -->
  <testcase name="ULM_Hide_Filters" time="0.000" classname="main_running_script_streams_ucc.StreamsUCC_Main_Script">
    <skipped/>
  </testcase> <!-- ULM_Hide_Filters -->
  <testcase name="ULM_Show_Filters" time="0.000" classname="main_running_script_streams_ucc.StreamsUCC_Main_Script">
    <skipped/>
  </testcase> <!-- ULM_Show_Filters -->
  <testcase name="CallmonitoringForm" time="0.000" classname="main_running_script_streams_ucc.StreamsUCC_Main_Script">
    <skipped/>
  </testcase> <!-- CallmonitoringForm -->
  <testcase name="Loggedin_Logout_Agentes" time="0.000" classname="main_running_script_streams_ucc.StreamsUCC_Main_Script">
    <skipped/>
  </testcase> <!-- Loggedin_Logout_Agentes -->
</testsuite> <!-- main_running_script_streams_ucc.StreamsUCC_Main_Script -->
