<?xml version="1.0" encoding="UTF-8"?>
<!-- Generated by org.testng.reporters.JUnitReportReporter -->
<testsuite skipped="0" hostname="Bala-Pavan" name="main_running_script_streams_ucc.StreamsUCC_Main_Script" tests="6" failures="0" timestamp="23 Sep 2019 19:34:45 GMT" time="356.178" errors="0">
  <testcase name="ULmLogin" time="36.793" classname="main_running_script_streams_ucc.StreamsUCC_Main_Script"/>
  <testcase name="ULM_Queues" time="53.553" classname="main_running_script_streams_ucc.StreamsUCC_Main_Script"/>
  <testcase name="ULM_Hide_Filters" time="58.127" classname="main_running_script_streams_ucc.StreamsUCC_Main_Script"/>
  <testcase name="ULM_Show_Filters" time="53.996" classname="main_running_script_streams_ucc.StreamsUCC_Main_Script"/>
  <testcase name="CallmonitoringForm" time="53.083" classname="main_running_script_streams_ucc.StreamsUCC_Main_Script"/>
  <testcase name="Loggedin_Logout_Agentes" time="100.626" classname="main_running_script_streams_ucc.StreamsUCC_Main_Script"/>
</testsuite> <!-- main_running_script_streams_ucc.StreamsUCC_Main_Script -->
