<?xml version="1.0" encoding="UTF-8"?>
<!-- Generated by org.testng.reporters.JUnitReportReporter -->
<testsuite skipped="0" hostname="Bala-Pavan" name="main_running_script_streams_ucc.ExtentDemo" tests="1" failures="0" timestamp="10 Dec 2018 19:31:12 GMT" time="6.930" errors="0">
  <testcase name="extentReportsDemo" time="6.930" classname="main_running_script_streams_ucc.ExtentDemo"/>
</testsuite> <!-- main_running_script_streams_ucc.ExtentDemo -->
